info: 19-05-2022 23:26:46: 	{
  date: 2022-01-01T00:00:00.000Z,
  name: 'testEmployee',
  email: 'testMail@test.com',
  password: '79664b3493e2143f26f25009cab49f5d01c80bdbfe695999db7512766284bf8c',
  status: 'active',
  phone: [ '5468030000' ],
  address: {
    street: 'testStreet',
    city: 'testCity',
    state: 'testState',
    zip: 12345
  },
  salaries: [],
  _id: new ObjectId("6286a806212c705acafad7a7"),
  createdAt: 2022-05-19T20:26:46.518Z,
  updatedAt: 2022-05-19T20:26:46.518Z
}
info: 01-06-2022 09:56:12: 	{
  date: 2022-01-01T00:00:00.000Z,
  name: 'testEmployee2',
  email: 'testMail2@test.com',
  password: '79664b3493e2143f26f25009cab49f5d01c80bdbfe695999db7512766284bf8c',
  status: 'active',
  phone: [ '5468030001' ],
  address: {
    street: 'testStreet',
    city: 'testCity',
    state: 'testState',
    zip: 12345
  },
  salaries: [],
  admin: new ObjectId("6286a5b910dd066d445109bf"),
  _id: new ObjectId("62970d8c0f35e6559893562d"),
  createdAt: 2022-06-01T06:56:12.139Z,
  updatedAt: 2022-06-01T06:56:12.139Z
}
info: 01-06-2022 10:08:13: 	{
  date: 2022-01-01T00:00:00.000Z,
  name: 'testEmployee3',
  email: 'testMail3@test.com',
  password: '79664b3493e2143f26f25009cab49f5d01c80bdbfe695999db7512766284bf8c',
  status: 'active',
  phone: [ '5468030001' ],
  address: {
    street: 'testStreet',
    city: 'testCity',
    state: 'testState',
    zip: 12345
  },
  salaries: [],
  admin: new ObjectId("6286a5b910dd066d445109bf"),
  _id: new ObjectId("6297105daa935264ce9e90b5"),
  createdAt: 2022-06-01T07:08:13.620Z,
  updatedAt: 2022-06-01T07:08:13.620Z
}
info: 01-06-2022 10:14:06: 	{
  date: 2022-01-01T00:00:00.000Z,
  name: 'testEmployee2',
  email: 'testMail2@test.com',
  password: '79664b3493e2143f26f25009cab49f5d01c80bdbfe695999db7512766284bf8c',
  status: 'active',
  phone: [ '5468030001' ],
  address: {
    street: 'testStreet',
    city: 'testCity',
    state: 'testState',
    zip: 12345
  },
  salaries: [],
  admin: new ObjectId("6286a5b910dd066d445109bf"),
  _id: new ObjectId("629711be65a3c7d8d1a46245"),
  createdAt: 2022-06-01T07:14:06.646Z,
  updatedAt: 2022-06-01T07:14:06.646Z
}
info: 01-06-2022 10:20:09: 	{
  date: 2022-01-01T00:00:00.000Z,
  name: 'testEmployee2',
  email: 'testMail2@test.com',
  password: '79664b3493e2143f26f25009cab49f5d01c80bdbfe695999db7512766284bf8c',
  status: 'active',
  phone: [ '5468030001' ],
  address: {
    street: 'testStreet',
    city: 'testCity',
    state: 'testState',
    zip: 12345
  },
  salaries: [],
  admin: new ObjectId("6286a5b910dd066d445109bf"),
  _id: new ObjectId("62971329b1bd8eaa997abfb4"),
  createdAt: 2022-06-01T07:20:09.882Z,
  updatedAt: 2022-06-01T07:20:09.882Z
}
info: 01-06-2022 10:27:49: 	{
  date: 2022-01-01T00:00:00.000Z,
  name: 'testEmployee2',
  email: 'testMail2@test.com',
  password: '79664b3493e2143f26f25009cab49f5d01c80bdbfe695999db7512766284bf8c',
  status: 'active',
  phone: [ '5468030001' ],
  address: {
    street: 'testStreet',
    city: 'testCity',
    state: 'testState',
    zip: 12345
  },
  salaries: [],
  admin: new ObjectId("6286a5b910dd066d445109bf"),
  _id: new ObjectId("629714f533539b3e18194b03"),
  createdAt: 2022-06-01T07:27:49.099Z,
  updatedAt: 2022-06-01T07:27:49.099Z
}
info: 01-06-2022 10:28:44: 	{
  date: 2022-01-01T00:00:00.000Z,
  name: 'testEmployee2',
  email: 'testMail2@test.com',
  password: '79664b3493e2143f26f25009cab49f5d01c80bdbfe695999db7512766284bf8c',
  status: 'active',
  phone: [ '5468030001' ],
  address: {
    street: 'testStreet',
    city: 'testCity',
    state: 'testState',
    zip: 12345
  },
  salaries: [],
  admin: new ObjectId("6286a5b910dd066d445109bf"),
  _id: new ObjectId("6297152c039dda923c0b1a8e"),
  createdAt: 2022-06-01T07:28:44.546Z,
  updatedAt: 2022-06-01T07:28:44.546Z
}
info: 01-06-2022 10:30:43: 	{
  date: 2022-01-01T00:00:00.000Z,
  name: 'testEmployee2',
  email: 'testMail2@test.com',
  password: '79664b3493e2143f26f25009cab49f5d01c80bdbfe695999db7512766284bf8c',
  status: 'active',
  phone: [ '5468030001' ],
  address: {
    street: 'testStreet',
    city: 'testCity',
    state: 'testState',
    zip: 12345
  },
  salaries: [],
  admin: new ObjectId("6286a5b910dd066d445109bf"),
  _id: new ObjectId("629715a38f08d82a3b775c9f"),
  createdAt: 2022-06-01T07:30:43.777Z,
  updatedAt: 2022-06-01T07:30:43.777Z
}
info: 01-06-2022 10:31:35: 	{
  date: 2022-01-01T00:00:00.000Z,
  name: 'testEmployee2',
  email: 'testMail2@test.com',
  password: '79664b3493e2143f26f25009cab49f5d01c80bdbfe695999db7512766284bf8c',
  status: 'active',
  phone: [ '5468030001' ],
  address: {
    street: 'testStreet',
    city: 'testCity',
    state: 'testState',
    zip: 12345
  },
  salaries: [],
  admin: new ObjectId("6286a5b910dd066d445109bf"),
  _id: new ObjectId("629715d70b3f22651e19785a"),
  createdAt: 2022-06-01T07:31:35.718Z,
  updatedAt: 2022-06-01T07:31:35.718Z
}
info: 01-06-2022 10:32:48: 	{
  date: 2022-01-01T00:00:00.000Z,
  name: 'testEmployee2',
  email: 'testMail2@test.com',
  password: '79664b3493e2143f26f25009cab49f5d01c80bdbfe695999db7512766284bf8c',
  status: 'active',
  phone: [ '5468030001' ],
  address: {
    street: 'testStreet',
    city: 'testCity',
    state: 'testState',
    zip: 12345
  },
  salaries: [],
  admin: new ObjectId("6286a5b910dd066d445109bf"),
  _id: new ObjectId("6297162011730cf45e7f3144"),
  createdAt: 2022-06-01T07:32:48.329Z,
  updatedAt: 2022-06-01T07:32:48.329Z
}
