info: 19-05-2022 23:56:21: 	{
  date: 2022-01-15T00:00:00.000Z,
  employee: new ObjectId("6286a806212c705acafad7a7"),
  salary: 4111,
  month: 2022-01-01T00:00:00.000Z,
  type: 'basic',
  _id: new ObjectId("6286aef5387b99025c39c913"),
  createdAt: 2022-05-19T20:56:21.951Z,
  updatedAt: 2022-05-19T20:56:21.951Z
}
info: 22-06-2022 13:46:29: 	{
  date: 2022-02-15T00:00:00.000Z,
  employee: new ObjectId("6286a806212c705acafad7a7"),
  salary: 7500,
  month: 2022-02-01T00:00:00.000Z,
  type: 'basic',
  _id: new ObjectId("62b2f305491f2a4875865c42"),
  createdAt: 2022-06-22T10:46:29.437Z,
  updatedAt: 2022-06-22T10:46:29.437Z
}
info: 22-06-2022 13:47:00: 	{
  date: 2022-02-15T00:00:00.000Z,
  employee: new ObjectId("6286a806212c705acafad7a7"),
  salary: 7500,
  month: 2022-02-01T00:00:00.000Z,
  type: 'basic',
  _id: new ObjectId("62b2f324491f2a4875865c45"),
  createdAt: 2022-06-22T10:47:00.313Z,
  updatedAt: 2022-06-22T10:47:00.313Z
}
info: 22-06-2022 13:49:16: 	{
  date: 2022-02-15T00:00:00.000Z,
  employee: new ObjectId("6286a806212c705acafad7a7"),
  salary: 7500,
  month: 2022-02-01T00:00:00.000Z,
  type: 'basic',
  _id: new ObjectId("62b2f3ac491f2a4875865c48"),
  createdAt: 2022-06-22T10:49:16.490Z,
  updatedAt: 2022-06-22T10:49:16.490Z
}
info: 22-06-2022 13:49:47: 	{
  date: 2022-02-10T00:00:00.000Z,
  employee: new ObjectId("6286a806212c705acafad7a7"),
  salary: 7500,
  month: 2022-02-01T00:00:00.000Z,
  type: 'basic',
  _id: new ObjectId("62b2f3cb491f2a4875865c4b"),
  createdAt: 2022-06-22T10:49:47.398Z,
  updatedAt: 2022-06-22T10:49:47.398Z
}
info: 22-06-2022 13:50:01: 	{
  date: 2022-01-15T00:00:00.000Z,
  employee: new ObjectId("6286a806212c705acafad7a7"),
  salary: 4111,
  month: 2022-01-01T00:00:00.000Z,
  type: 'basic',
  _id: new ObjectId("62b2f3d9491f2a4875865c4e"),
  createdAt: 2022-06-22T10:50:01.416Z,
  updatedAt: 2022-06-22T10:50:01.416Z
}
info: 30-06-2022 14:42:27: 	{
  date: 2022-01-15T00:00:00.000Z,
  employee: new ObjectId("6286a806212c705acafad7a7"),
  salary: 4111,
  month: 2022-01-01T00:00:00.000Z,
  type: 'basic',
  _id: new ObjectId("62bd8c19a530086dec0118fd"),
  createdAt: 2022-06-30T11:42:17.948Z,
  updatedAt: 2022-06-30T11:42:17.948Z
}
info: 30-06-2022 14:45:24: 	{
  date: 2022-01-15T00:00:00.000Z,
  employee: new ObjectId("6286a806212c705acafad7a7"),
  salary: 4111,
  month: 2022-01-01T00:00:00.000Z,
  type: 'basic',
  _id: new ObjectId("62bd8cca226bae7fe637d463"),
  createdAt: 2022-06-30T11:45:14.302Z,
  updatedAt: 2022-06-30T11:45:14.302Z
}
info: 30-06-2022 14:52:32: 	{
  date: 2022-06-30T14:52:22.977Z,
  employee: new ObjectId("6286a806212c705acafad7a7"),
  salary: 4111,
  month: 2022-01-01T03:00:00.000Z,
  type: 'basic',
  _id: new ObjectId("62bd8e76ae1c044df61e42dc"),
  createdAt: 2022-06-30T14:52:22.984Z,
  updatedAt: 2022-06-30T14:52:22.984Z
}
info: 30-06-2022 14:52:49: 	{
  date: 2022-01-15T03:00:00.000Z,
  employee: new ObjectId("6286a806212c705acafad7a7"),
  salary: 4111,
  month: 2022-01-01T03:00:00.000Z,
  type: 'basic',
  _id: new ObjectId("62bd8e87cb023cd69fd9ff7d"),
  createdAt: 2022-06-30T14:52:39.342Z,
  updatedAt: 2022-06-30T14:52:39.342Z
}
info: 30-06-2022 14:53:59: 	{
  date: 2022-01-15T00:00:00.000Z,
  employee: new ObjectId("6286a806212c705acafad7a7"),
  salary: 4111,
  month: 2022-01-01T00:00:00.000Z,
  type: 'basic',
  _id: new ObjectId("62bd8ecdfeae7251b5f9778c"),
  createdAt: 2022-06-30T11:53:49.472Z,
  updatedAt: 2022-06-30T11:53:49.472Z
}
info: 30-06-2022 14:56:13: 	{
  date: 2022-01-15T03:00:00.000Z,
  employee: new ObjectId("6286a806212c705acafad7a7"),
  salary: 4111,
  month: 2022-01-01T03:00:00.000Z,
  type: 'basic',
  _id: new ObjectId("62bd8f530bd20f1c065cddfa"),
  createdAt: 2022-06-30T14:56:03.642Z,
  updatedAt: 2022-06-30T14:56:03.642Z
}
info: 30-06-2022 14:58:02: 	{
  date: 2022-01-15T03:00:00.000Z,
  employee: new ObjectId("6286a806212c705acafad7a7"),
  salary: 4111,
  month: 2022-01-01T03:00:00.000Z,
  type: 'basic',
  _id: new ObjectId("62bd8fc0fb3fbb2f3732c730"),
  createdAt: 2022-06-30T14:57:52.951Z,
  updatedAt: 2022-06-30T14:57:52.951Z
}
